<?xml version="1.0" encoding="UTF-8" ?>
<testsuite tests="8" failures="0" name="CalculatorTest" time="0.178" errors="0" skipped="0">
  <properties>
[...]
</properties>
  <testcase classname="CalculatorTest" name="sqrtFalsePositive" time="0.086"/>
  <testcase classname="CalculatorTest" name="natLogFalsePositive" time="0.015"/>
  <testcase classname="CalculatorTest" name="callPowerTruePositive" time="0.007"/>
  <testcase classname="CalculatorTest" name="sqrtTruePositive" time="0.023"/>
  <testcase classname="CalculatorTest" name="callPowerFalsePositive" time="0.011"/>
  <testcase classname="CalculatorTest" name="natLogTruePositive" time="0.014"/>
  <testcase classname="CalculatorTest" name="callFactorialFalsePositive" time="0.008"/>
  <testcase classname="CalculatorTest" name="callFactorialTruePositive" time="0.014"/>
</testsuite>